This file contains any messages produced by compilers while
running configure, to aid debugging if configure makes a mistake.

It was created by pocketsphinx configure 5prealpha, which was
generated by GNU Autoconf 2.69.  Invocation command line was

  $ ./configure 

## --------- ##
## Platform. ##
## --------- ##

hostname = pi
uname -m = armv7l
uname -r = 4.19.66-v7+
uname -s = Linux
uname -v = #1253 SMP Thu Aug 15 11:49:46 BST 2019

/usr/bin/uname -p = unknown
/bin/uname -X     = unknown

/bin/arch              = unknown
/usr/bin/arch -k       = unknown
/usr/convex/getsysinfo = unknown
/usr/bin/hostinfo      = unknown
/bin/machine           = unknown
/usr/bin/oslevel       = unknown
/bin/universe          = unknown

PATH: /usr/local/sbin
PATH: /usr/local/bin
PATH: /usr/sbin
PATH: /usr/bin
PATH: /sbin
PATH: /bin
PATH: /usr/local/games
PATH: /usr/games


## ----------- ##
## Core tests. ##
## ----------- ##

configure:2561: checking for a BSD-compatible install
configure:2629: result: /usr/bin/install -c
configure:2640: checking whether build environment is sane
configure:2695: result: yes
configure:2844: checking for a thread-safe mkdir -p
configure:2883: result: /bin/mkdir -p
configure:2890: checking for gawk
configure:2920: result: no
configure:2890: checking for mawk
configure:2906: found /usr/bin/mawk
configure:2917: result: mawk
configure:2928: checking whether make sets $(MAKE)
configure:2950: result: yes
configure:2979: checking whether make supports nested variables
configure:2996: result: yes
configure:3121: checking build system type
configure:3135: result: armv7l-unknown-linux-gnueabihf
configure:3155: checking host system type
configure:3168: result: armv7l-unknown-linux-gnueabihf
configure:3236: checking for gcc
configure:3252: found /usr/bin/gcc
configure:3263: result: gcc
configure:3492: checking for C compiler version
configure:3501: gcc --version >&5
gcc (Raspbian 8.3.0-6+rpi1) 8.3.0
Copyright (C) 2018 Free Software Foundation, Inc.
This is free software; see the source for copying conditions.  There is NO
warranty; not even for MERCHANTABILITY or FITNESS FOR A PARTICULAR PURPOSE.

configure:3512: $? = 0
configure:3501: gcc -v >&5
Using built-in specs.
COLLECT_GCC=gcc
COLLECT_LTO_WRAPPER=/usr/lib/gcc/arm-linux-gnueabihf/8/lto-wrapper
Target: arm-linux-gnueabihf
Configured with: ../src/configure -v --with-pkgversion='Raspbian 8.3.0-6+rpi1' --with-bugurl=file:///usr/share/doc/gcc-8/README.Bugs --enable-languages=c,ada,c++,go,d,fortran,objc,obj-c++ --prefix=/usr --with-gcc-major-version-only --program-suffix=-8 --program-prefix=arm-linux-gnueabihf- --enable-shared --enable-linker-build-id --libexecdir=/usr/lib --without-included-gettext --enable-threads=posix --libdir=/usr/lib --enable-nls --enable-bootstrap --enable-clocale=gnu --enable-libstdcxx-debug --enable-libstdcxx-time=yes --with-default-libstdcxx-abi=new --enable-gnu-unique-object --disable-libitm --disable-libquadmath --disable-libquadmath-support --enable-plugin --with-system-zlib --with-target-system-zlib --enable-objc-gc=auto --enable-multiarch --disable-sjlj-exceptions --with-arch=armv6 --with-fpu=vfp --with-float=hard --disable-werror --enable-checking=release --build=arm-linux-gnueabihf --host=arm-linux-gnueabihf --target=arm-linux-gnueabihf
Thread model: posix
gcc version 8.3.0 (Raspbian 8.3.0-6+rpi1) 
configure:3512: $? = 0
configure:3501: gcc -V >&5
gcc: error: unrecognized command line option '-V'
gcc: fatal error: no input files
compilation terminated.
configure:3512: $? = 1
configure:3501: gcc -qversion >&5
gcc: error: unrecognized command line option '-qversion'; did you mean '--version'?
gcc: fatal error: no input files
compilation terminated.
configure:3512: $? = 1
configure:3532: checking whether the C compiler works
configure:3554: gcc -g -O2 -Wall   conftest.c  >&5
configure:3558: $? = 0
configure:3606: result: yes
configure:3609: checking for C compiler default output file name
configure:3611: result: a.out
configure:3617: checking for suffix of executables
configure:3624: gcc -o conftest -g -O2 -Wall   conftest.c  >&5
configure:3628: $? = 0
configure:3650: result: 
configure:3672: checking whether we are cross compiling
configure:3680: gcc -o conftest -g -O2 -Wall   conftest.c  >&5
configure:3684: $? = 0
configure:3691: ./conftest
configure:3695: $? = 0
configure:3683: result: no
configure:3688: checking for suffix of object files
configure:3710: gcc -c -g -O2 -Wall  conftest.c >&5
configure:3714: $? = 0
configure:3735: result: o
configure:3739: checking whether we are using the GNU C compiler
configure:3758: gcc -c -g -O2 -Wall  conftest.c >&5
configure:3758: $? = 0
configure:3767: result: yes
configure:3776: checking whether gcc accepts -g
configure:3796: gcc -c -g  conftest.c >&5
configure:3796: $? = 0
configure:3837: result: yes
configure:3854: checking for gcc option to accept ISO C89
configure:3917: gcc  -c -g -O2 -Wall  conftest.c >&5
configure:3917: $? = 0
configure:3930: result: none needed
configure:3955: checking whether gcc understands -c and -o together
configure:3977: gcc -c conftest.c -o conftest2.o
configure:3980: $? = 0
configure:3977: gcc -c conftest.c -o conftest2.o
configure:3980: $? = 0
configure:3992: result: yes
configure:4012: checking whether make supports the include directive
configure:4027: make -f confmf.GNU && cat confinc.out
this is the am__doit target
configure:4030: $? = 0
configure:4049: result: yes (GNU style)
configure:4074: checking dependency style of gcc
configure:4185: result: gcc3
configure:4206: checking how to run the C preprocessor
configure:4237: gcc -E  conftest.c
configure:4237: $? = 0
configure:4251: gcc -E  conftest.c
conftest.c:9:10: fatal error: ac_nonexistent.h: No such file or directory
 #include <ac_nonexistent.h>
          ^~~~~~~~~~~~~~~~~~
compilation terminated.
configure:4251: $? = 1
configure: failed program was:
| /* confdefs.h */
| #define PACKAGE_NAME "pocketsphinx"
| #define PACKAGE_TARNAME "pocketsphinx"
| #define PACKAGE_VERSION "5prealpha"
| #define PACKAGE_STRING "pocketsphinx 5prealpha"
| #define PACKAGE_BUGREPORT ""
| #define PACKAGE_URL ""
| /* end confdefs.h.  */
| #include <ac_nonexistent.h>
configure:4276: result: gcc -E
configure:4296: gcc -E  conftest.c
configure:4296: $? = 0
configure:4310: gcc -E  conftest.c
conftest.c:9:10: fatal error: ac_nonexistent.h: No such file or directory
 #include <ac_nonexistent.h>
          ^~~~~~~~~~~~~~~~~~
compilation terminated.
configure:4310: $? = 1
configure: failed program was:
| /* confdefs.h */
| #define PACKAGE_NAME "pocketsphinx"
| #define PACKAGE_TARNAME "pocketsphinx"
| #define PACKAGE_VERSION "5prealpha"
| #define PACKAGE_STRING "pocketsphinx 5prealpha"
| #define PACKAGE_BUGREPORT ""
| #define PACKAGE_URL ""
| /* end confdefs.h.  */
| #include <ac_nonexistent.h>
configure:4339: checking for grep that handles long lines and -e
configure:4397: result: /bin/grep
configure:4402: checking for egrep
configure:4464: result: /bin/grep -E
configure:4469: checking for ANSI C header files
configure:4489: gcc -c -g -O2 -Wall  conftest.c >&5
configure:4489: $? = 0
configure:4562: gcc -o conftest -g -O2 -Wall   conftest.c  >&5
configure:4562: $? = 0
configure:4562: ./conftest
configure:4562: $? = 0
configure:4573: result: yes
configure:4586: checking for sys/types.h
configure:4586: gcc -c -g -O2 -Wall  conftest.c >&5
configure:4586: $? = 0
configure:4586: result: yes
configure:4586: checking for sys/stat.h
configure:4586: gcc -c -g -O2 -Wall  conftest.c >&5
configure:4586: $? = 0
configure:4586: result: yes
configure:4586: checking for stdlib.h
configure:4586: gcc -c -g -O2 -Wall  conftest.c >&5
configure:4586: $? = 0
configure:4586: result: yes
configure:4586: checking for string.h
configure:4586: gcc -c -g -O2 -Wall  conftest.c >&5
configure:4586: $? = 0
configure:4586: result: yes
configure:4586: checking for memory.h
configure:4586: gcc -c -g -O2 -Wall  conftest.c >&5
configure:4586: $? = 0
configure:4586: result: yes
configure:4586: checking for strings.h
configure:4586: gcc -c -g -O2 -Wall  conftest.c >&5
configure:4586: $? = 0
configure:4586: result: yes
configure:4586: checking for inttypes.h
configure:4586: gcc -c -g -O2 -Wall  conftest.c >&5
configure:4586: $? = 0
configure:4586: result: yes
configure:4586: checking for stdint.h
configure:4586: gcc -c -g -O2 -Wall  conftest.c >&5
configure:4586: $? = 0
configure:4586: result: yes
configure:4586: checking for unistd.h
configure:4586: gcc -c -g -O2 -Wall  conftest.c >&5
configure:4586: $? = 0
configure:4586: result: yes
configure:4598: checking for long long
configure:4598: gcc -c -g -O2 -Wall  conftest.c >&5
configure:4598: $? = 0
configure:4598: gcc -c -g -O2 -Wall  conftest.c >&5
conftest.c: In function 'main':
conftest.c:55:24: error: expected expression before ')' token
 if (sizeof ((long long)))
                        ^
configure:4598: $? = 1
configure: failed program was:
| /* confdefs.h */
| #define PACKAGE_NAME "pocketsphinx"
| #define PACKAGE_TARNAME "pocketsphinx"
| #define PACKAGE_VERSION "5prealpha"
| #define PACKAGE_STRING "pocketsphinx 5prealpha"
| #define PACKAGE_BUGREPORT ""
| #define PACKAGE_URL ""
| #define STDC_HEADERS 1
| #define HAVE_SYS_TYPES_H 1
| #define HAVE_SYS_STAT_H 1
| #define HAVE_STDLIB_H 1
| #define HAVE_STRING_H 1
| #define HAVE_MEMORY_H 1
| #define HAVE_STRINGS_H 1
| #define HAVE_INTTYPES_H 1
| #define HAVE_STDINT_H 1
| #define HAVE_UNISTD_H 1
| /* end confdefs.h.  */
| #include <stdio.h>
| #ifdef HAVE_SYS_TYPES_H
| # include <sys/types.h>
| #endif
| #ifdef HAVE_SYS_STAT_H
| # include <sys/stat.h>
| #endif
| #ifdef STDC_HEADERS
| # include <stdlib.h>
| # include <stddef.h>
| #else
| # ifdef HAVE_STDLIB_H
| #  include <stdlib.h>
| # endif
| #endif
| #ifdef HAVE_STRING_H
| # if !defined STDC_HEADERS && defined HAVE_MEMORY_H
| #  include <memory.h>
| # endif
| # include <string.h>
| #endif
| #ifdef HAVE_STRINGS_H
| # include <strings.h>
| #endif
| #ifdef HAVE_INTTYPES_H
| # include <inttypes.h>
| #endif
| #ifdef HAVE_STDINT_H
| # include <stdint.h>
| #endif
| #ifdef HAVE_UNISTD_H
| # include <unistd.h>
| #endif
| int
| main ()
| {
| if (sizeof ((long long)))
| 	    return 0;
|   ;
|   return 0;
| }
configure:4598: result: yes
configure:4612: checking size of long long
configure:4617: gcc -o conftest -g -O2 -Wall   conftest.c  >&5
configure:4617: $? = 0
configure:4617: ./conftest
configure:4617: $? = 0
configure:4631: result: 8
configure:4688: checking how to print strings
configure:4715: result: printf
configure:4736: checking for a sed that does not truncate output
configure:4800: result: /bin/sed
configure:4818: checking for fgrep
configure:4880: result: /bin/grep -F
configure:4915: checking for ld used by gcc
configure:4982: result: /usr/bin/ld
configure:4989: checking if the linker (/usr/bin/ld) is GNU ld
configure:5004: result: yes
configure:5016: checking for BSD- or MS-compatible name lister (nm)
configure:5070: result: /usr/bin/nm -B
configure:5200: checking the name lister (/usr/bin/nm -B) interface
configure:5207: gcc -c -g -O2 -Wall  conftest.c >&5
configure:5210: /usr/bin/nm -B "conftest.o"
configure:5213: output
00000000 B some_variable
configure:5214: result: BSD nm
configure:5217: checking whether ln -s works
configure:5221: result: yes
configure:5229: checking the maximum length of command line arguments
configure:5360: result: 1572864
configure:5408: checking how to convert armv7l-unknown-linux-gnueabihf file names to armv7l-unknown-linux-gnueabihf format
configure:5448: result: func_convert_file_noop
configure:5455: checking how to convert armv7l-unknown-linux-gnueabihf file names to toolchain format
configure:5475: result: func_convert_file_noop
configure:5482: checking for /usr/bin/ld option to reload object files
configure:5489: result: -r
configure:5563: checking for objdump
configure:5579: found /usr/bin/objdump
configure:5590: result: objdump
configure:5622: checking how to recognize dependent libraries
configure:5822: result: pass_all
configure:5907: checking for dlltool
configure:5937: result: no
configure:5967: checking how to associate runtime and link libraries
configure:5994: result: printf %s\n
configure:6054: checking for ar
configure:6070: found /usr/bin/ar
configure:6081: result: ar
configure:6118: checking for archiver @FILE support
configure:6135: gcc -c -g -O2 -Wall  conftest.c >&5
configure:6135: $? = 0
configure:6138: ar cru libconftest.a @conftest.lst >&5
ar: `u' modifier ignored since `D' is the default (see `U')
configure:6141: $? = 0
configure:6146: ar cru libconftest.a @conftest.lst >&5
ar: `u' modifier ignored since `D' is the default (see `U')
ar: conftest.o: No such file or directory
configure:6149: $? = 1
configure:6148: result: @
configure:6206: checking for strip
configure:6222: found /usr/bin/strip
configure:6233: result: strip
configure:6305: checking for ranlib
configure:6321: found /usr/bin/ranlib
configure:6332: result: ranlib
configure:6434: checking command to parse /usr/bin/nm -B output from gcc object
configure:6587: gcc -c -g -O2 -Wall  conftest.c >&5
configure:6590: $? = 0
configure:6594: /usr/bin/nm -B conftest.o | sed -n -e 's/^.*[	 ]\([ABCDGIRSTW][ABCDGIRSTW]*\)[	 ][	 ]*\([_A-Za-z][_A-Za-z0-9]*\)$/\1 \2 \2/p' | sed '/ __gnu_lto/d' > conftest.nm
configure:6660: gcc -o conftest -g -O2 -Wall   conftest.c conftstm.o >&5
configure:6663: $? = 0
configure:6701: result: ok
configure:6748: checking for sysroot
configure:6778: result: no
configure:6785: checking for a working dd
configure:6823: result: /bin/dd
configure:6827: checking how to truncate binary pipes
configure:6842: result: /bin/dd bs=4096 count=1
configure:7171: checking for mt
configure:7187: found /bin/mt
configure:7198: result: mt
configure:7221: checking if mt is a manifest tool
configure:7227: mt '-?'
configure:7235: result: no
configure:7909: checking for dlfcn.h
configure:7909: gcc -c -g -O2 -Wall  conftest.c >&5
configure:7909: $? = 0
configure:7909: result: yes
configure:8165: checking for objdir
configure:8180: result: .libs
configure:8444: checking if gcc supports -fno-rtti -fno-exceptions
configure:8462: gcc -c -g -O2 -Wall  -fno-rtti -fno-exceptions conftest.c >&5
cc1: warning: command line option '-fno-rtti' is valid for C++/ObjC++ but not for C
configure:8466: $? = 0
configure:8479: result: no
configure:8837: checking for gcc option to produce PIC
configure:8844: result: -fPIC -DPIC
configure:8852: checking if gcc PIC flag -fPIC -DPIC works
configure:8870: gcc -c -g -O2 -Wall  -fPIC -DPIC -DPIC conftest.c >&5
configure:8874: $? = 0
configure:8887: result: yes
configure:8916: checking if gcc static flag -static works
configure:8944: result: yes
configure:8959: checking if gcc supports -c -o file.o
configure:8980: gcc -c -g -O2 -Wall  -o out/conftest2.o conftest.c >&5
configure:8984: $? = 0
configure:9006: result: yes
configure:9014: checking if gcc supports -c -o file.o
configure:9061: result: yes
configure:9094: checking whether the gcc linker (/usr/bin/ld) supports shared libraries
configure:10357: result: yes
configure:10394: checking whether -lc should be explicitly linked in
configure:10402: gcc -c -g -O2 -Wall  conftest.c >&5
configure:10405: $? = 0
configure:10420: gcc -shared  -fPIC -DPIC conftest.o  -v -Wl,-soname -Wl,conftest -o conftest 2\>\&1 \| /bin/grep  -lc  \>/dev/null 2\>\&1
configure:10423: $? = 0
configure:10437: result: no
configure:10597: checking dynamic linker characteristics
configure:11178: gcc -o conftest -g -O2 -Wall   -Wl,-rpath -Wl,/foo conftest.c  >&5
configure:11178: $? = 0
configure:11427: result: GNU/Linux ld.so
configure:11549: checking how to hardcode library paths into programs
configure:11574: result: immediate
configure:12122: checking whether stripping libraries is possible
configure:12127: result: yes
configure:12162: checking if libtool supports shared libraries
configure:12164: result: yes
configure:12167: checking whether to build shared libraries
configure:12192: result: yes
configure:12195: checking whether to build static libraries
configure:12199: result: yes
configure:9015: checking for pkg-config
configure:9031: found /usr/bin/pkg-config
configure:9043: result: yes
configure:9054: checking for doxygen
configure:9082: result: no
configure:9142: checking for a Python interpreter with version >= 2.6
configure:9159: python -c import sys # split strings by '.' and convert to numeric. Append some zeros # because we need at least 4 digits for the hex conversion. # map returns an iterator in Python 3.0 and a list in 2.x minver = list(map(int, '2.6'.split('.'))) + [0, 0, 0] minverhex = 0 # xrange is not present in Python 3.0 and range returns an iterator for i in list(range(0, 4)): minverhex = (minverhex << 8) + minver[i] sys.exit(sys.hexversion < minverhex)
configure:9162: $? = 0
configure:9168: result: python
configure:9176: checking for python
configure:9194: found /usr/bin/python
configure:9206: result: /usr/bin/python
configure:9224: checking for python version
configure:9231: result: 2.7
configure:9243: checking for python platform
configure:9250: result: linux2
configure:9276: checking for python script directory
configure:9311: result: ${prefix}/lib/python2.7/dist-packages
configure:9320: checking for python extension module directory
configure:9355: result: ${exec_prefix}/lib/python2.7/dist-packages
configure:9376: checking for python2.7
configure:9406: result: /usr/bin/python
configure:9422: checking for a version of Python >= '2.1.0'
configure:9448: result: yes
configure:9479: checking for the distutils Python package
configure:9483: result: yes
configure:9497: checking for Python include path
configure:9513: result: -I/usr/include/python2.7
configure:9520: checking for Python library path
configure:9597: result: -L/usr/lib -lpython2.7
configure:9604: checking for Python site-packages path
configure:9610: result: /usr/lib/python2.7/dist-packages
configure:9617: checking python extra libraries
configure:9624: result: -lpthread -ldl  -lutil -lm
configure:9631: checking python extra linking flags
configure:9638: result: -Xlinker -export-dynamic -Wl,-O1 -Wl,-Bsymbolic-functions
configure:9645: checking consistency of all components of python development environment
configure:9671: gcc -o conftest -g -O2 -Wall  -I/usr/include/python2.7  conftest.c  -L/usr/lib -lpython2.7 -Xlinker -export-dynamic -Wl,-O1 -Wl,-Bsymbolic-functions -lpthread -ldl  -lutil -lm >&5
configure:9671: $? = 0
configure:9688: result: yes
configure:9719: checking for swig
configure:9737: found /usr/bin/swig
configure:9749: result: /usr/bin/swig
configure:9763: checking SWIG version
configure:9766: result: 3.0.12
configure:9815: checking for SWIG library
configure:9818: result: /usr/share/swig3.0
configure:9894: checking for pkg-config
configure:9912: found /usr/bin/pkg-config
configure:9924: result: /usr/bin/pkg-config
configure:9949: checking pkg-config is at least version 0.9.0
configure:9952: result: yes
configure:9963: checking for GStreamer
configure:9973: $PKG_CONFIG --exists --print-errors "gstreamer-$GST_MAJORMINOR >= 1.0
		       gstreamer-base-$GST_MAJORMINOR >= 1.0
		       gstreamer-plugins-base-$GST_MAJORMINOR >= 1.0"
Package gstreamer-plugins-base-1.0 was not found in the pkg-config search path.
Perhaps you should add the directory containing `gstreamer-plugins-base-1.0.pc'
to the PKG_CONFIG_PATH environment variable
No package 'gstreamer-plugins-base-1.0' found
configure:9978: $? = 1
configure:9997: $PKG_CONFIG --exists --print-errors "gstreamer-$GST_MAJORMINOR >= 1.0
		       gstreamer-base-$GST_MAJORMINOR >= 1.0
		       gstreamer-plugins-base-$GST_MAJORMINOR >= 1.0"
Package gstreamer-plugins-base-1.0 was not found in the pkg-config search path.
Perhaps you should add the directory containing `gstreamer-plugins-base-1.0.pc'
to the PKG_CONFIG_PATH environment variable
No package 'gstreamer-plugins-base-1.0' found
configure:10002: $? = 1
No package 'gstreamer-plugins-base-1.0' found
configure:10036: result: no
configure:10096: checking for sphinxbase in /home/pi/sphinxSpeech2Text/pocketsphinx-5prealpha/../sphinxbase
configure:10104: result: no
configure:10096: checking for sphinxbase in /home/pi/sphinxSpeech2Text/pocketsphinx-5prealpha/../sphinxbase-5prealpha
configure:10100: result: yes
configure:10332: checking that generated files are newer than configure
configure:10338: result: done
configure:10373: creating ./config.status

## ---------------------- ##
## Running config.status. ##
## ---------------------- ##

This file was extended by pocketsphinx config.status 5prealpha, which was
generated by GNU Autoconf 2.69.  Invocation command line was

  CONFIG_FILES    = 
  CONFIG_HEADERS  = 
  CONFIG_LINKS    = 
  CONFIG_COMMANDS = 
  $ ./config.status 

on pi

config.status:1134: creating pocketsphinx.pc
config.status:1134: creating Makefile
config.status:1134: creating include/Makefile
config.status:1134: creating src/Makefile
config.status:1134: creating swig/Makefile
config.status:1134: creating swig/python/Makefile
config.status:1134: creating swig/python/test/Makefile
config.status:1134: creating src/libpocketsphinx/Makefile
config.status:1134: creating src/programs/Makefile
config.status:1134: creating src/gst-plugin/Makefile
config.status:1134: creating doc/Makefile
config.status:1134: creating doc/doxyfile
config.status:1134: creating model/Makefile
config.status:1134: creating test/Makefile
config.status:1134: creating test/testfuncs.sh
config.status:1134: creating test/unit/Makefile
config.status:1134: creating test/regression/Makefile
config.status:1134: creating include/config.h
config.status:1315: include/config.h is unchanged
config.status:1363: executing depfiles commands
config.status:1440: cd swig/python       && sed -e '/# am--include-marker/d' Makefile         | make -f - am--depfiles
make: Nothing to be done for 'am--depfiles'.
config.status:1445: $? = 0
config.status:1440: cd src/libpocketsphinx       && sed -e '/# am--include-marker/d' Makefile         | make -f - am--depfiles
make: Nothing to be done for 'am--depfiles'.
config.status:1445: $? = 0
config.status:1440: cd src/programs       && sed -e '/# am--include-marker/d' Makefile         | make -f - am--depfiles
make: Nothing to be done for 'am--depfiles'.
config.status:1445: $? = 0
config.status:1440: cd src/gst-plugin       && sed -e '/# am--include-marker/d' Makefile         | make -f - am--depfiles
make: Nothing to be done for 'am--depfiles'.
config.status:1445: $? = 0
config.status:1440: cd test/unit       && sed -e '/# am--include-marker/d' Makefile         | make -f - am--depfiles
make: Nothing to be done for 'am--depfiles'.
config.status:1445: $? = 0
config.status:1363: executing libtool commands

## ---------------- ##
## Cache variables. ##
## ---------------- ##

ac_cv_build=armv7l-unknown-linux-gnueabihf
ac_cv_c_compiler_gnu=yes
ac_cv_env_CC_set=
ac_cv_env_CC_value=
ac_cv_env_CFLAGS_set=
ac_cv_env_CFLAGS_value=
ac_cv_env_CPPFLAGS_set=
ac_cv_env_CPPFLAGS_value=
ac_cv_env_CPP_set=
ac_cv_env_CPP_value=
ac_cv_env_GStreamer_CFLAGS_set=
ac_cv_env_GStreamer_CFLAGS_value=
ac_cv_env_GStreamer_LIBS_set=
ac_cv_env_GStreamer_LIBS_value=
ac_cv_env_LDFLAGS_set=
ac_cv_env_LDFLAGS_value=
ac_cv_env_LIBS_set=
ac_cv_env_LIBS_value=
ac_cv_env_LT_SYS_LIBRARY_PATH_set=
ac_cv_env_LT_SYS_LIBRARY_PATH_value=
ac_cv_env_PKG_CONFIG_set=
ac_cv_env_PKG_CONFIG_value=
ac_cv_env_PYTHON_VERSION_set=
ac_cv_env_PYTHON_VERSION_value=
ac_cv_env_PYTHON_set=
ac_cv_env_PYTHON_value=
ac_cv_env_SPHINXBASE_CFLAGS_set=
ac_cv_env_SPHINXBASE_CFLAGS_value=
ac_cv_env_SPHINXBASE_LIBS_set=
ac_cv_env_SPHINXBASE_LIBS_value=
ac_cv_env_build_alias_set=
ac_cv_env_build_alias_value=
ac_cv_env_host_alias_set=
ac_cv_env_host_alias_value=
ac_cv_env_target_alias_set=
ac_cv_env_target_alias_value=
ac_cv_header_dlfcn_h=yes
ac_cv_header_inttypes_h=yes
ac_cv_header_memory_h=yes
ac_cv_header_stdc=yes
ac_cv_header_stdint_h=yes
ac_cv_header_stdlib_h=yes
ac_cv_header_string_h=yes
ac_cv_header_strings_h=yes
ac_cv_header_sys_stat_h=yes
ac_cv_header_sys_types_h=yes
ac_cv_header_unistd_h=yes
ac_cv_host=armv7l-unknown-linux-gnueabihf
ac_cv_objext=o
ac_cv_path_EGREP='/bin/grep -E'
ac_cv_path_FGREP='/bin/grep -F'
ac_cv_path_GREP=/bin/grep
ac_cv_path_PYTHON=/usr/bin/python
ac_cv_path_SED=/bin/sed
ac_cv_path_SWIG=/usr/bin/swig
ac_cv_path_ac_pt_PKG_CONFIG=/usr/bin/pkg-config
ac_cv_path_install='/usr/bin/install -c'
ac_cv_path_lt_DD=/bin/dd
ac_cv_path_mkdir=/bin/mkdir
ac_cv_prog_AWK=mawk
ac_cv_prog_CPP='gcc -E'
ac_cv_prog_HAVE_DOXYGEN=no
ac_cv_prog_HAVE_PKGCONFIG=yes
ac_cv_prog_ac_ct_AR=ar
ac_cv_prog_ac_ct_CC=gcc
ac_cv_prog_ac_ct_MANIFEST_TOOL=mt
ac_cv_prog_ac_ct_OBJDUMP=objdump
ac_cv_prog_ac_ct_RANLIB=ranlib
ac_cv_prog_ac_ct_STRIP=strip
ac_cv_prog_cc_c89=
ac_cv_prog_cc_g=yes
ac_cv_prog_make_make_set=yes
ac_cv_sizeof_long_long=8
ac_cv_type_long_long=yes
am_cv_CC_dependencies_compiler_type=gcc3
am_cv_make_support_nested_variables=yes
am_cv_pathless_PYTHON=python
am_cv_prog_cc_c_o=yes
am_cv_python_platform=linux2
am_cv_python_pyexecdir='${exec_prefix}/lib/python2.7/dist-packages'
am_cv_python_pythondir='${prefix}/lib/python2.7/dist-packages'
am_cv_python_version=2.7
lt_cv_ar_at_file=@
lt_cv_archive_cmds_need_lc=no
lt_cv_deplibs_check_method=pass_all
lt_cv_file_magic_cmd='$MAGIC_CMD'
lt_cv_file_magic_test_file=
lt_cv_ld_reload_flag=-r
lt_cv_nm_interface='BSD nm'
lt_cv_objdir=.libs
lt_cv_path_LD=/usr/bin/ld
lt_cv_path_NM='/usr/bin/nm -B'
lt_cv_path_mainfest_tool=no
lt_cv_prog_compiler_c_o=yes
lt_cv_prog_compiler_pic='-fPIC -DPIC'
lt_cv_prog_compiler_pic_works=yes
lt_cv_prog_compiler_rtti_exceptions=no
lt_cv_prog_compiler_static_works=yes
lt_cv_prog_gnu_ld=yes
lt_cv_sharedlib_from_linklib_cmd='printf %s\n'
lt_cv_shlibpath_overrides_runpath=yes
lt_cv_sys_global_symbol_pipe='sed -n -e '\''s/^.*[	 ]\([ABCDGIRSTW][ABCDGIRSTW]*\)[	 ][	 ]*\([_A-Za-z][_A-Za-z0-9]*\)$/\1 \2 \2/p'\'' | sed '\''/ __gnu_lto/d'\'''
lt_cv_sys_global_symbol_to_c_name_address='sed -n -e '\''s/^: \(.*\) .*$/  {"\1", (void *) 0},/p'\'' -e '\''s/^[ABCDGIRSTW][ABCDGIRSTW]* .* \(.*\)$/  {"\1", (void *) \&\1},/p'\'''
lt_cv_sys_global_symbol_to_c_name_address_lib_prefix='sed -n -e '\''s/^: \(.*\) .*$/  {"\1", (void *) 0},/p'\'' -e '\''s/^[ABCDGIRSTW][ABCDGIRSTW]* .* \(lib.*\)$/  {"\1", (void *) \&\1},/p'\'' -e '\''s/^[ABCDGIRSTW][ABCDGIRSTW]* .* \(.*\)$/  {"lib\1", (void *) \&\1},/p'\'''
lt_cv_sys_global_symbol_to_cdecl='sed -n -e '\''s/^T .* \(.*\)$/extern int \1();/p'\'' -e '\''s/^[ABCDGIRSTW][ABCDGIRSTW]* .* \(.*\)$/extern char \1;/p'\'''
lt_cv_sys_global_symbol_to_import=
lt_cv_sys_max_cmd_len=1572864
lt_cv_to_host_file_cmd=func_convert_file_noop
lt_cv_to_tool_file_cmd=func_convert_file_noop
lt_cv_truncate_bin='/bin/dd bs=4096 count=1'

## ----------------- ##
## Output variables. ##
## ----------------- ##

ACLOCAL='${SHELL} /home/pi/sphinxSpeech2Text/pocketsphinx-5prealpha/missing aclocal-1.16'
AMDEPBACKSLASH='\'
AMDEP_FALSE='#'
AMDEP_TRUE=''
AMTAR='$${TAR-tar}'
AM_BACKSLASH='\'
AM_DEFAULT_V='$(AM_DEFAULT_VERBOSITY)'
AM_DEFAULT_VERBOSITY='1'
AM_V='$(V)'
AR='ar'
AUTOCONF='${SHELL} /home/pi/sphinxSpeech2Text/pocketsphinx-5prealpha/missing autoconf'
AUTOHEADER='${SHELL} /home/pi/sphinxSpeech2Text/pocketsphinx-5prealpha/missing autoheader'
AUTOMAKE='${SHELL} /home/pi/sphinxSpeech2Text/pocketsphinx-5prealpha/missing automake-1.16'
AWK='mawk'
BUILD_DOXYGEN_FALSE=''
BUILD_DOXYGEN_TRUE='#'
BUILD_GST_FALSE=''
BUILD_GST_TRUE='#'
BUILD_SWIG_FALSE='#'
BUILD_SWIG_TRUE=''
CC='gcc'
CCDEPMODE='depmode=gcc3'
CFLAGS='-g -O2 -Wall'
CPP='gcc -E'
CPPFLAGS=' -I/home/pi/sphinxSpeech2Text/pocketsphinx-5prealpha/../sphinxbase-5prealpha/include -I/home/pi/sphinxSpeech2Text/pocketsphinx-5prealpha/../sphinxbase-5prealpha/include/sphinxbase'
CYGPATH_W='echo'
DEFS='-DHAVE_CONFIG_H'
DEPDIR='.deps'
DLLTOOL='false'
DSYMUTIL=''
DUMPBIN=''
ECHO_C=''
ECHO_N='-n'
ECHO_T=''
EGREP='/bin/grep -E'
EXEEXT=''
FGREP='/bin/grep -F'
GREP='/bin/grep'
GST_CFLAGS=' '
GST_LIBS=''
GST_MAJORMINOR='1.0'
GST_PLUGIN_LDFLAGS='-module -avoid-version -export-symbols-regex _*\(gst_\|Gst\|GST_\).*'
GStreamer_CFLAGS=''
GStreamer_LIBS=''
HAVE_DOXYGEN='no'
HAVE_PKGCONFIG='yes'
INSTALL_DATA='${INSTALL} -m 644'
INSTALL_PROGRAM='${INSTALL}'
INSTALL_SCRIPT='${INSTALL}'
INSTALL_STRIP_PROGRAM='$(install_sh) -c -s'
LD='/usr/bin/ld'
LDFLAGS=' -L/home/pi/sphinxSpeech2Text/pocketsphinx-5prealpha/../sphinxbase-5prealpha/lib -L/home/pi/sphinxSpeech2Text/pocketsphinx-5prealpha/../sphinxbase-5prealpha/src/libsphinxad -L/home/pi/sphinxSpeech2Text/pocketsphinx-5prealpha/../sphinxbase-5prealpha/src/libsphinxbase'
LIBOBJS=''
LIBS=' -lsphinxbase'
LIBTOOL='$(SHELL) $(top_builddir)/libtool'
LIPO=''
LN_S='ln -s'
LTLIBOBJS=''
LT_SYS_LIBRARY_PATH=''
MAKEINFO='${SHELL} /home/pi/sphinxSpeech2Text/pocketsphinx-5prealpha/missing makeinfo'
MANIFEST_TOOL=':'
MKDIR_P='/bin/mkdir -p'
NM='/usr/bin/nm -B'
NMEDIT=''
OBJDUMP='objdump'
OBJEXT='o'
OTOOL64=''
OTOOL=''
PACKAGE='pocketsphinx'
PACKAGE_BUGREPORT=''
PACKAGE_NAME='pocketsphinx'
PACKAGE_STRING='pocketsphinx 5prealpha'
PACKAGE_TARNAME='pocketsphinx'
PACKAGE_URL=''
PACKAGE_VERSION='5prealpha'
PATH_SEPARATOR=':'
PKG_CONFIG='/usr/bin/pkg-config'
PYTHON='/usr/bin/python'
PYTHON_CPPFLAGS='-I/usr/include/python2.7'
PYTHON_EXEC_PREFIX='${exec_prefix}'
PYTHON_EXTRA_LDFLAGS='-Xlinker -export-dynamic -Wl,-O1 -Wl,-Bsymbolic-functions'
PYTHON_EXTRA_LIBS='-lpthread -ldl  -lutil -lm'
PYTHON_LDFLAGS='-L/usr/lib -lpython2.7'
PYTHON_PLATFORM='linux2'
PYTHON_PREFIX='${prefix}'
PYTHON_SITE_PKG='/usr/lib/python2.7/dist-packages'
PYTHON_VERSION='2.7'
RANLIB='ranlib'
SED='/bin/sed'
SET_MAKE=''
SHELL='/bin/bash'
SPHINXBASE_CFLAGS=''
SPHINXBASE_LIBS=''
SPHINXBASE_SWIG='/home/pi/sphinxSpeech2Text/pocketsphinx-5prealpha/../sphinxbase-5prealpha/swig'
STRIP='strip'
SWIG='/usr/bin/swig'
SWIG_LIB='/usr/share/swig3.0'
VERSION='5prealpha'
ac_ct_AR='ar'
ac_ct_CC='gcc'
ac_ct_DUMPBIN=''
am__EXEEXT_FALSE=''
am__EXEEXT_TRUE='#'
am__fastdepCC_FALSE='#'
am__fastdepCC_TRUE=''
am__include='include'
am__isrc=''
am__leading_dot='.'
am__nodep='_no'
am__quote=''
am__tar='$${TAR-tar} chof - "$$tardir"'
am__untar='$${TAR-tar} xf -'
bindir='${exec_prefix}/bin'
build='armv7l-unknown-linux-gnueabihf'
build_alias=''
build_cpu='armv7l'
build_os='linux-gnueabihf'
build_vendor='unknown'
datadir='${datarootdir}'
datarootdir='${prefix}/share'
docdir='${datarootdir}/doc/${PACKAGE_TARNAME}'
dvidir='${docdir}'
exec_prefix='${prefix}'
host='armv7l-unknown-linux-gnueabihf'
host_alias=''
host_cpu='armv7l'
host_os='linux-gnueabihf'
host_vendor='unknown'
htmldir='${docdir}'
includedir='${prefix}/include'
infodir='${datarootdir}/info'
install_sh='${SHELL} /home/pi/sphinxSpeech2Text/pocketsphinx-5prealpha/install-sh'
libdir='${exec_prefix}/lib'
libexecdir='${exec_prefix}/libexec'
localedir='${datarootdir}/locale'
localstatedir='${prefix}/var'
mandir='${datarootdir}/man'
mkdir_p='$(MKDIR_P)'
oldincludedir='/usr/include'
pdfdir='${docdir}'
pkgpyexecdir='${pyexecdir}/pocketsphinx'
pkgpythondir='${pythondir}/pocketsphinx'
plugindir='$(libdir)/gstreamer-1.0'
prefix='/usr/local'
program_transform_name='s,x,x,'
psdir='${docdir}'
pyexecdir='${exec_prefix}/lib/python2.7/dist-packages'
pythondir='${prefix}/lib/python2.7/dist-packages'
runstatedir='${localstatedir}/run'
sbindir='${exec_prefix}/sbin'
sharedstatedir='${prefix}/com'
sysconfdir='${prefix}/etc'
target_alias=''

## ----------- ##
## confdefs.h. ##
## ----------- ##

/* confdefs.h */
#define PACKAGE_NAME "pocketsphinx"
#define PACKAGE_TARNAME "pocketsphinx"
#define PACKAGE_VERSION "5prealpha"
#define PACKAGE_STRING "pocketsphinx 5prealpha"
#define PACKAGE_BUGREPORT ""
#define PACKAGE_URL ""
#define STDC_HEADERS 1
#define HAVE_SYS_TYPES_H 1
#define HAVE_SYS_STAT_H 1
#define HAVE_STDLIB_H 1
#define HAVE_STRING_H 1
#define HAVE_MEMORY_H 1
#define HAVE_STRINGS_H 1
#define HAVE_INTTYPES_H 1
#define HAVE_STDINT_H 1
#define HAVE_UNISTD_H 1
#define HAVE_LONG_LONG 1
#define SIZEOF_LONG_LONG 8
#define HAVE_DLFCN_H 1
#define LT_OBJDIR ".libs/"
#define HAVE_PYTHON "2.7"

configure: exit 0

## ---------------------- ##
## Running config.status. ##
## ---------------------- ##

This file was extended by pocketsphinx config.status 5prealpha, which was
generated by GNU Autoconf 2.69.  Invocation command line was

  CONFIG_FILES    = 
  CONFIG_HEADERS  = 
  CONFIG_LINKS    = 
  CONFIG_COMMANDS = 
  $ ./config.status include/config.h

on pi

config.status:1134: creating include/config.h
config.status:1315: include/config.h is unchanged
