INFO: pocketsphinx.c(152): Parsed model-specific feature parameters from /usr/local/share/pocketsphinx/model/en-us/en-us/feat.params
Current configuration:
[NAME]			[DEFLT]		[VALUE]
-agc			none		none
-agcthresh		2.0		2.000000e+00
-allphone				
-allphone_ci		no		no
-alpha			0.97		9.700000e-01
-ascale			20.0		2.000000e+01
-aw			1		1
-backtrace		no		no
-beam			1e-48		1.000000e-48
-bestpath		yes		yes
-bestpathlw		9.5		9.500000e+00
-ceplen			13		13
-cmn			live		batch
-cmninit		40,3,-1		41.00,-5.29,-0.12,5.09,2.48,-4.07,-1.37,-1.78,-5.08,-2.05,-6.45,-1.42,1.17
-compallsen		no		no
-debug					0
-dict					dicts/8050.dic
-dictcase		no		no
-dither			no		no
-doublebw		no		no
-ds			1		1
-fdict					
-feat			1s_c_d_dd	1s_c_d_dd
-featparams				
-fillprob		1e-8		1.000000e-08
-frate			100		100
-fsg					
-fsgusealtpron		yes		yes
-fsgusefiller		yes		yes
-fwdflat		yes		yes
-fwdflatbeam		1e-64		1.000000e-64
-fwdflatefwid		4		4
-fwdflatlw		8.5		8.500000e+00
-fwdflatsfwin		25		25
-fwdflatwbeam		7e-29		7.000000e-29
-fwdtree		yes		yes
-hmm					/usr/local/share/pocketsphinx/model/en-us/en-us
-input_endian		little		little
-jsgf					
-keyphrase				
-kws					
-kws_delay		10		10
-kws_plp		1e-1		1.000000e-01
-kws_threshold		1		1.000000e+00
-latsize		5000		5000
-lda					
-ldadim			0		0
-lifter			0		22
-lm					dicts/8050.lm
-lmctl					
-lmname					
-logbase		1.0001		1.000100e+00
-logfn					
-logspec		no		no
-lowerf			133.33334	1.300000e+02
-lpbeam			1e-40		1.000000e-40
-lponlybeam		7e-29		7.000000e-29
-lw			6.5		6.500000e+00
-maxhmmpf		30000		30000
-maxwpf			-1		-1
-mdef					
-mean					
-mfclogdir				
-min_endfr		0		0
-mixw					
-mixwfloor		0.0000001	1.000000e-07
-mllr					
-mmap			yes		yes
-ncep			13		13
-nfft			512		512
-nfilt			40		25
-nwpen			1.0		1.000000e+00
-pbeam			1e-48		1.000000e-48
-pip			1.0		1.000000e+00
-pl_beam		1e-10		1.000000e-10
-pl_pbeam		1e-10		1.000000e-10
-pl_pip			1.0		1.000000e+00
-pl_weight		3.0		3.000000e+00
-pl_window		5		5
-rawlogdir				
-remove_dc		no		no
-remove_noise		yes		yes
-remove_silence		yes		yes
-round_filters		yes		yes
-samprate		16000		1.600000e+04
-seed			-1		-1
-sendump				
-senlogdir				
-senmgau				
-silprob		0.005		5.000000e-03
-smoothspec		no		no
-svspec					0-12/13-25/26-38
-tmat					
-tmatfloor		0.0001		1.000000e-04
-topn			4		4
-topn_beam		0		0
-toprule				
-transform		legacy		dct
-unit_area		yes		yes
-upperf			6855.4976	6.800000e+03
-uw			1.0		1.000000e+00
-vad_postspeech		50		50
-vad_prespeech		20		20
-vad_startspeech	10		10
-vad_threshold		2.0		2.000000e+00
-var					
-varfloor		0.0001		1.000000e-04
-varnorm		no		no
-verbose		no		no
-warp_params				
-warp_type		inverse_linear	inverse_linear
-wbeam			7e-29		7.000000e-29
-wip			0.65		6.500000e-01
-wlen			0.025625	2.562500e-02

INFO: feat.c(715): Initializing feature stream to type: '1s_c_d_dd', ceplen=13, CMN='batch', VARNORM='no', AGC='none'
INFO: acmod.c(162): Using subvector specification 0-12/13-25/26-38
INFO: mdef.c(518): Reading model definition: /usr/local/share/pocketsphinx/model/en-us/en-us/mdef
INFO: mdef.c(531): Found byte-order mark BMDF, assuming this is a binary mdef file
INFO: bin_mdef.c(336): Reading binary model definition: /usr/local/share/pocketsphinx/model/en-us/en-us/mdef
INFO: bin_mdef.c(516): 42 CI-phone, 137053 CD-phone, 3 emitstate/phone, 126 CI-sen, 5126 Sen, 29324 Sen-Seq
INFO: tmat.c(149): Reading HMM transition probability matrices: /usr/local/share/pocketsphinx/model/en-us/en-us/transition_matrices
INFO: acmod.c(113): Attempting to use PTM computation module
INFO: ms_gauden.c(127): Reading mixture gaussian parameter: /usr/local/share/pocketsphinx/model/en-us/en-us/means
INFO: ms_gauden.c(242): 42 codebook, 3 feature, size: 
INFO: ms_gauden.c(244):  128x13
INFO: ms_gauden.c(244):  128x13
INFO: ms_gauden.c(244):  128x13
INFO: ms_gauden.c(127): Reading mixture gaussian parameter: /usr/local/share/pocketsphinx/model/en-us/en-us/variances
INFO: ms_gauden.c(242): 42 codebook, 3 feature, size: 
INFO: ms_gauden.c(244):  128x13
INFO: ms_gauden.c(244):  128x13
INFO: ms_gauden.c(244):  128x13
INFO: ms_gauden.c(304): 222 variance values floored
INFO: ptm_mgau.c(476): Loading senones from dump file /usr/local/share/pocketsphinx/model/en-us/en-us/sendump
INFO: ptm_mgau.c(500): BEGIN FILE FORMAT DESCRIPTION
INFO: ptm_mgau.c(563): Rows: 128, Columns: 5126
INFO: ptm_mgau.c(595): Using memory-mapped I/O for senones
INFO: ptm_mgau.c(838): Maximum top-N: 4
INFO: phone_loop_search.c(114): State beam -225 Phone exit beam -225 Insertion penalty 0
INFO: dict.c(320): Allocating 4137 * 20 bytes (80 KiB) for word entries
INFO: dict.c(333): Reading main dictionary: dicts/8050.dic
INFO: dict.c(213): Dictionary size 36, allocated 0 KiB for strings, 0 KiB for phones
INFO: dict.c(336): 36 words read
INFO: dict.c(358): Reading filler dictionary: /usr/local/share/pocketsphinx/model/en-us/en-us/noisedict
INFO: dict.c(213): Dictionary size 41, allocated 0 KiB for strings, 0 KiB for phones
INFO: dict.c(361): 5 words read
INFO: dict2pid.c(396): Building PID tables for dictionary
INFO: dict2pid.c(406): Allocating 42^3 * 2 bytes (144 KiB) for word-initial triphones
INFO: dict2pid.c(132): Allocated 21336 bytes (20 KiB) for word-final triphones
INFO: dict2pid.c(196): Allocated 21336 bytes (20 KiB) for single-phone word triphones
INFO: ngram_model_trie.c(354): Trying to read LM in trie binary format
INFO: ngram_model_trie.c(365): Header doesn't match
INFO: ngram_model_trie.c(177): Trying to read LM in arpa format
INFO: ngram_model_trie.c(193): LM of order 3
INFO: ngram_model_trie.c(195): #1-grams: 34
INFO: ngram_model_trie.c(195): #2-grams: 65
INFO: ngram_model_trie.c(195): #3-grams: 49
INFO: lm_trie.c(474): Training quantizer
INFO: lm_trie.c(482): Building LM trie
INFO: ngram_search_fwdtree.c(74): Initializing search tree
INFO: ngram_search_fwdtree.c(101): 34 unique initial diphones
INFO: ngram_search_fwdtree.c(186): Creating search channels
INFO: ngram_search_fwdtree.c(323): Max nonroot chan increased to 169
INFO: ngram_search_fwdtree.c(333): Created 34 root, 41 non-root channels, 5 single-phone words
INFO: ngram_search_fwdflat.c(157): fwdflat: min_ef_width = 4, max_sf_win = 25
INFO: continuous.c(307): pocketsphinx_continuous COMPILED ON: Jul 24 2019, AT: 19:14:32

INFO: cmn_live.c(120): Update from < 270912.00 -259435.52 -270499.84 264750.09 262635.53 -260060.16 -263434.25 -262594.56 -259543.05 -262092.80 -258841.59 -263331.84 260444.16 >
INFO: cmn_live.c(138): Update to   <  0.05 12.39 35.38 21.52  8.80 -5.90 -22.70 -32.48 -25.03 -11.21 16.70 18.21 16.72 >
INFO: ngram_search_fwdtree.c(1550):     1074 words recognized (5/fr)
INFO: ngram_search_fwdtree.c(1552):    42984 senones evaluated (213/fr)
INFO: ngram_search_fwdtree.c(1556):    25554 channels searched (126/fr), 4004 1st, 18172 last
INFO: ngram_search_fwdtree.c(1559):     1300 words for which last channels evaluated (6/fr)
INFO: ngram_search_fwdtree.c(1561):     1057 candidate words for entering last phone (5/fr)
INFO: ngram_search_fwdtree.c(1564): fwdtree 0.18 CPU 0.089 xRT
INFO: ngram_search_fwdtree.c(1567): fwdtree 0.18 wall 0.088 xRT
INFO: ngram_search_fwdflat.c(302): Utterance vocabulary contains 23 words
INFO: ngram_search_fwdflat.c(948):      868 words recognized (4/fr)
INFO: ngram_search_fwdflat.c(950):    98933 senones evaluated (490/fr)
INFO: ngram_search_fwdflat.c(952):    78246 channels searched (387/fr)
INFO: ngram_search_fwdflat.c(954):     3861 words searched (19/fr)
INFO: ngram_search_fwdflat.c(957):      742 word transitions (3/fr)
INFO: ngram_search_fwdflat.c(960): fwdflat 0.15 CPU 0.074 xRT
INFO: ngram_search_fwdflat.c(963): fwdflat 0.15 wall 0.076 xRT
INFO: ngram_search.c(1197): </s> not found in last frame, using TAKE.135 instead
INFO: ngram_search.c(1250): lattice start node <s>.0 end node TAKE.3
INFO: ngram_search.c(1276): Eliminated 101 nodes before end node
INFO: ngram_search.c(1381): Lattice has 181 nodes, 1 links
INFO: ps_lattice.c(1380): Bestpath score: -529
INFO: ps_lattice.c(1384): Normalizer P(O) = alpha(TAKE:3:135) = -169060
INFO: ps_lattice.c(1441): Joint P(O,S) = -169060 P(S|O) = 0
INFO: ngram_search.c(872): bestpath 0.00 CPU 0.000 xRT
INFO: ngram_search.c(875): bestpath 0.00 wall 0.000 xRT
INFO: cmn_live.c(120): Update from <  0.05 12.39 35.38 21.52  8.80 -5.90 -22.70 -32.48 -25.03 -11.21 16.70 18.21 16.72 >
INFO: cmn_live.c(138): Update to   <  0.05 12.39 35.38 21.52  8.80 -5.90 -22.70 -32.48 -25.03 -11.21 16.70 18.21 16.72 >
INFO: ngram_search_fwdtree.c(1550):      919 words recognized (11/fr)
INFO: ngram_search_fwdtree.c(1552):    25370 senones evaluated (302/fr)
INFO: ngram_search_fwdtree.c(1556):    17263 channels searched (205/fr), 1970 1st, 13918 last
INFO: ngram_search_fwdtree.c(1559):     1075 words for which last channels evaluated (12/fr)
INFO: ngram_search_fwdtree.c(1561):      431 candidate words for entering last phone (5/fr)
INFO: ngram_search_fwdtree.c(1564): fwdtree 0.10 CPU 0.119 xRT
INFO: ngram_search_fwdtree.c(1567): fwdtree 0.10 wall 0.119 xRT
INFO: ngram_search_fwdflat.c(302): Utterance vocabulary contains 19 words
INFO: ngram_search_fwdflat.c(948):      696 words recognized (8/fr)
INFO: ngram_search_fwdflat.c(950):    37425 senones evaluated (446/fr)
INFO: ngram_search_fwdflat.c(952):    30027 channels searched (357/fr)
INFO: ngram_search_fwdflat.c(954):     1670 words searched (19/fr)
INFO: ngram_search_fwdflat.c(957):      554 word transitions (6/fr)
INFO: ngram_search_fwdflat.c(960): fwdflat 0.07 CPU 0.083 xRT
INFO: ngram_search_fwdflat.c(963): fwdflat 0.07 wall 0.084 xRT
INFO: ngram_search.c(1197): </s> not found in last frame, using MOVE.82 instead
INFO: ngram_search.c(1250): lattice start node <s>.0 end node MOVE.4
INFO: ngram_search.c(1276): Eliminated 172 nodes before end node
INFO: ngram_search.c(1381): Lattice has 201 nodes, 1 links
INFO: ps_lattice.c(1380): Bestpath score: -366
INFO: ps_lattice.c(1384): Normalizer P(O) = alpha(MOVE:4:82) = -70770
INFO: ps_lattice.c(1441): Joint P(O,S) = -70770 P(S|O) = 0
INFO: ngram_search.c(872): bestpath 0.01 CPU 0.012 xRT
INFO: ngram_search.c(875): bestpath 0.00 wall 0.001 xRT
INFO: cmn_live.c(120): Update from <  0.05 12.39 35.38 21.52  8.80 -5.90 -22.70 -32.48 -25.03 -11.21 16.70 18.21 16.72 >
INFO: cmn_live.c(138): Update to   <  0.33 14.01 29.44 18.53  9.48 -5.70 -23.15 -27.04 -16.21  4.30 19.39 14.66  6.16 >
INFO: ngram_search_fwdtree.c(1550):      602 words recognized (9/fr)
INFO: ngram_search_fwdtree.c(1552):    14337 senones evaluated (211/fr)
INFO: ngram_search_fwdtree.c(1556):     8356 channels searched (122/fr), 1603 1st, 5811 last
INFO: ngram_search_fwdtree.c(1559):      679 words for which last channels evaluated (9/fr)
INFO: ngram_search_fwdtree.c(1561):       83 candidate words for entering last phone (1/fr)
INFO: ngram_search_fwdtree.c(1564): fwdtree 0.08 CPU 0.118 xRT
INFO: ngram_search_fwdtree.c(1567): fwdtree 0.08 wall 0.118 xRT
INFO: ngram_search_fwdflat.c(302): Utterance vocabulary contains 11 words
INFO: ngram_search_fwdflat.c(948):      621 words recognized (9/fr)
INFO: ngram_search_fwdflat.c(950):    19174 senones evaluated (282/fr)
INFO: ngram_search_fwdflat.c(952):    15948 channels searched (234/fr)
INFO: ngram_search_fwdflat.c(954):      963 words searched (14/fr)
INFO: ngram_search_fwdflat.c(957):      336 word transitions (4/fr)
INFO: ngram_search_fwdflat.c(960): fwdflat 0.03 CPU 0.044 xRT
INFO: ngram_search_fwdflat.c(963): fwdflat 0.03 wall 0.051 xRT
INFO: ngram_search.c(1197): </s> not found in last frame, using MOVE.66 instead
INFO: ngram_search.c(1250): lattice start node <s>.0 end node MOVE.3
INFO: ngram_search.c(1276): Eliminated 161 nodes before end node
INFO: ngram_search.c(1381): Lattice has 189 nodes, 1 links
INFO: ps_lattice.c(1380): Bestpath score: -350
INFO: ps_lattice.c(1384): Normalizer P(O) = alpha(MOVE:3:66) = -66008
INFO: ps_lattice.c(1441): Joint P(O,S) = -66008 P(S|O) = 0
INFO: ngram_search.c(872): bestpath 0.00 CPU 0.000 xRT
INFO: ngram_search.c(875): bestpath 0.00 wall 0.001 xRT
INFO: cmn_live.c(120): Update from <  0.33 14.01 29.44 18.53  9.48 -5.70 -23.15 -27.04 -16.21  4.30 19.39 14.66  6.16 >
INFO: cmn_live.c(138): Update to   <  0.51 16.42 21.68  1.24  0.86 -1.44 -16.55 -26.36 -13.67 13.30 29.01 17.89 -4.17 >
INFO: ngram_search_fwdtree.c(1550):      655 words recognized (7/fr)
INFO: ngram_search_fwdtree.c(1552):    15565 senones evaluated (169/fr)
INFO: ngram_search_fwdtree.c(1556):     8725 channels searched (94/fr), 1754 1st, 5965 last
INFO: ngram_search_fwdtree.c(1559):      737 words for which last channels evaluated (8/fr)
INFO: ngram_search_fwdtree.c(1561):       83 candidate words for entering last phone (0/fr)
INFO: ngram_search_fwdtree.c(1564): fwdtree 0.08 CPU 0.087 xRT
INFO: ngram_search_fwdtree.c(1567): fwdtree 0.07 wall 0.081 xRT
INFO: ngram_search_fwdflat.c(302): Utterance vocabulary contains 11 words
INFO: ngram_search_fwdflat.c(948):      686 words recognized (7/fr)
INFO: ngram_search_fwdflat.c(950):    20636 senones evaluated (224/fr)
INFO: ngram_search_fwdflat.c(952):    16651 channels searched (180/fr)
INFO: ngram_search_fwdflat.c(954):     1218 words searched (13/fr)
INFO: ngram_search_fwdflat.c(957):      336 word transitions (3/fr)
INFO: ngram_search_fwdflat.c(960): fwdflat 0.04 CPU 0.043 xRT
INFO: ngram_search_fwdflat.c(963): fwdflat 0.04 wall 0.046 xRT
INFO: ngram_search.c(1197): </s> not found in last frame, using MOVE.90 instead
INFO: ngram_search.c(1250): lattice start node <s>.0 end node MOVE.3
INFO: ngram_search.c(1276): Eliminated 171 nodes before end node
INFO: ngram_search.c(1381): Lattice has 199 nodes, 1 links
INFO: ps_lattice.c(1380): Bestpath score: -350
INFO: ps_lattice.c(1384): Normalizer P(O) = alpha(MOVE:3:90) = -70923
INFO: ps_lattice.c(1441): Joint P(O,S) = -70923 P(S|O) = 0
INFO: ngram_search.c(872): bestpath 0.00 CPU 0.000 xRT
INFO: ngram_search.c(875): bestpath 0.00 wall 0.001 xRT
INFO: ngram_search_fwdtree.c(429): TOTAL fwdtree 0.44 CPU 0.100 xRT
INFO: ngram_search_fwdtree.c(432): TOTAL fwdtree 0.43 wall 0.098 xRT
INFO: ngram_search_fwdflat.c(176): TOTAL fwdflat 0.29 CPU 0.066 xRT
INFO: ngram_search_fwdflat.c(179): TOTAL fwdflat 0.30 wall 0.068 xRT
INFO: ngram_search.c(303): TOTAL bestpath 0.01 CPU 0.002 xRT
INFO: ngram_search.c(306): TOTAL bestpath 0.00 wall 0.001 xRT
